<tal:block tal:define="
    tabletitle string:Rancid Revisions Count;
    tableName string:rancid_revision_count_table;
    tm here/ZenTableManager;
    sts python:tm.setReqTableState;
    tableState python:tm.getTableState(tableName, sortedSence='desc', sortedHeader='revisions');
    objects python:here.ReportServer.plugin('rancid_rvscnt_report_plugin', tableState);
    batch python:tm.getBatch(tableName,objects,sortedHeader='revisions', sortedSence='desc');
    exportFields python:['device', 'ip', 'revisions', 'lastrevision'];
    ">

<!-- Make the report exportable to CSV -->
<tal:block metal:use-macro="here/reportMacros/macros/exportableReport">
<tal:block metal:fill-slot="report">

<tal:block metal:use-macro="here/templates/macros/page1">
<tal:block metal:fill-slot="breadCrumbPane">
    <span metal:use-macro="here/miscmacros/macros/reportBreadCrumbsList"/>
</tal:block>

<tal:block metal:fill-slot="contentPane">
<tal:block metal:use-macro="here/zenuimacros/macros/zentable">
<tal:block metal:fill-slot="zentablecontents">
    <tr>
        <!-- Define Column Headers - Clickable for Sorting -->
        <th tal:replace="
            structure python:here.ZenTableManager.getTableHeader(
                tableName,'device','Device')"/>

        <th tal:replace="
            structure python:here.ZenTableManager.getTableHeader(
                tableName,'ip','IP Address')"/>

        <th tal:replace="
            structure python:here.ZenTableManager.getTableHeader(
                tableName,'revisions','Revision Count')"/>

        <th tal:replace="
            structure python:here.ZenTableManager.getTableHeader(
                tableName,'lastrevision','Last Revision')"/>
    </tr>
    <tal:block tal:repeat="r batch">
        <!-- Define Per-Row Display -->
        <tr tal:define="odd repeat/r/odd"
            tal:attributes="class python:test(odd,'odd','even')">

           <td class="tablevalues">
               <a class="tablevalues" tal:attributes="href r/devicelink" tal:content="r/device">device</a>
           </td>
           <td class="tablevalues" tal:content="r/ip"/>
           <td class="tablevalues" tal:content="r/revisions"/>
           <td class="tablevalues">
               <a class="tablevalues" tal:attributes="href r/lastrevisionlink" target="_blank" tal:content="r/lastrevision">lastrevision</a>
           </td>
        </tr>
    </tal:block>
    <tr>
        <!-- Update colspan to match your columns -->
        <td colspan="4" class="tableheader" align='center'>
        <form metal:use-macro="here/zenTableNavigation/macros/navtool"/>
        </td>
    </tr>
</tal:block>
</tal:block>
</tal:block>

</tal:block>
</tal:block>
</tal:block>
</tal:block>

